app/build/outputs/logs/manifest-merger-debug-report.txt
-- Merging decision tree log ---
manifest
ADDED from src\main\AndroidManifest.xml:2:1-24:12
INJECTED from src\main\AndroidManifest.xml:2:1-24:12
INJECTED from src\main\AndroidManifest.xml:2:1-24:12
INJECTED from src\main\AndroidManifest.xml:2:1-24:12
MERGED from [com.google.firebase:firebase-database:11.6.0] AndroidManifest.xml:2:1-4:12
MERGED from [com.google.firebase:firebase-core:11.6.0] AndroidManifest.xml:2:1-6:12
MERGED from [com.google.firebase:firebase-database-connection:11.6.0] AndroidManifest.xml:2:1-4:12
MERGED from [com.google.firebase:firebase-analytics:11.6.0] AndroidManifest.xml:16:1-35:12
MERGED from [com.google.firebase:firebase-analytics-impl:11.6.0] AndroidManifest.xml:16:1-29:12
MERGED from [com.google.firebase:firebase-iid:11.6.0] AndroidManifest.xml:16:1-47:12
MERGED from [com.google.firebase:firebase-common:11.6.0] AndroidManifest.xml:2:1-8:12
MERGED from [com.google.android.gms:play-services-tasks:11.6.0] AndroidManifest.xml:2:1-5:12
MERGED from [com.google.android.gms:play-services-basement:11.6.0] AndroidManifest.xml:16:1-23:12
MERGED from [com.google.firebase:firebase-database-license:11.6.0] AndroidManifest.xml:2:1-6:12
MERGED from [com.android.support:support-v4:25.2.0] AndroidManifest.xml:17:1-27:12
MERGED from [com.google.android.gms:play-services-basement-license:11.6.0] AndroidManifest.xml:2:1-6:12
MERGED from [com.google.firebase:firebase-database-connection-license:11.6.0] AndroidManifest.xml:2:1-6:12
MERGED from [com.google.firebase:firebase-common-license:11.6.0] AndroidManifest.xml:2:1-6:12
MERGED from [com.google.android.gms:play-services-tasks-license:11.6.0] AndroidManifest.xml:2:1-6:12
MERGED from [com.google.firebase:firebase-analytics-license:11.6.0] AndroidManifest.xml:2:1-6:12
MERGED from [com.android.support:support-fragment:25.2.0] AndroidManifest.xml:17:1-27:12
MERGED from [com.android.support:support-media-compat:25.2.0] AndroidManifest.xml:17:1-27:12
MERGED from [com.android.support:support-core-utils:25.2.0] AndroidManifest.xml:17:1-27:12
MERGED from [com.android.support:support-core-ui:25.2.0] AndroidManifest.xml:17:1-27:12
MERGED from [com.android.support:support-compat:25.2.0] AndroidManifest.xml:17:1-27:12
MERGED from [com.google.firebase:firebase-analytics-impl-license:11.6.0] AndroidManifest.xml:2:1-6:12
MERGED from [com.google.firebase:firebase-iid-license:11.6.0] AndroidManifest.xml:2:1-6:12
INJECTED from src\main\AndroidManifest.xml:2:1-24:12
INJECTED from src\main\AndroidManifest.xml:2:1-24:12
INJECTED from src\main\AndroidManifest.xml:2:1-24:12
	package
		ADDED from src\main\AndroidManifest.xml:3:7-49
		INJECTED from src\main\AndroidManifest.xml
		INJECTED from src\main\AndroidManifest.xml
	android:versionName
		ADDED from src\main\AndroidManifest.xml:5:7-32
		INJECTED from src\main\AndroidManifest.xml
		INJECTED from src\main\AndroidManifest.xml
	xmlns:android
		ADDED from src\main\AndroidManifest.xml:2:11-69
	android:versionCode
		ADDED from src\main\AndroidManifest.xml:4:7-30
		INJECTED from src\main\AndroidManifest.xml
		INJECTED from src\main\AndroidManifest.xml
uses-sdk
ADDED from src\main\AndroidManifest.xml:6:5-42
INJECTED from src\main\AndroidManifest.xml:6:5-42
INJECTED from src\main\AndroidManifest.xml:6:5-42
MERGED from [com.google.firebase:firebase-database:11.6.0] AndroidManifest.xml:3:5-43
MERGED from [com.google.firebase:firebase-database:11.6.0] AndroidManifest.xml:3:5-43
MERGED from [com.google.firebase:firebase-core:11.6.0] AndroidManifest.xml:4:5-43
MERGED from [com.google.firebase:firebase-core:11.6.0] AndroidManifest.xml:4:5-43
MERGED from [com.google.firebase:firebase-database-connection:11.6.0] AndroidManifest.xml:3:5-43
MERGED from [com.google.firebase:firebase-database-connection:11.6.0] AndroidManifest.xml:3:5-43
MERGED from [com.google.firebase:firebase-analytics:11.6.0] AndroidManifest.xml:17:5-43
MERGED from [com.google.firebase:firebase-analytics:11.6.0] AndroidManifest.xml:17:5-43
MERGED from [com.google.firebase:firebase-analytics-impl:11.6.0] AndroidManifest.xml:17:5-43
MERGED from [com.google.firebase:firebase-analytics-impl:11.6.0] AndroidManifest.xml:17:5-43
MERGED from [com.google.firebase:firebase-iid:11.6.0] AndroidManifest.xml:17:5-43
MERGED from [com.google.firebase:firebase-iid:11.6.0] AndroidManifest.xml:17:5-43
MERGED from [com.google.firebase:firebase-common:11.6.0] AndroidManifest.xml:3:5-43
MERGED from [com.google.firebase:firebase-common:11.6.0] AndroidManifest.xml:3:5-43
MERGED from [com.google.android.gms:play-services-tasks:11.6.0] AndroidManifest.xml:3:5-43
MERGED from [com.google.android.gms:play-services-tasks:11.6.0] AndroidManifest.xml:3:5-43
MERGED from [com.google.android.gms:play-services-basement:11.6.0] AndroidManifest.xml:17:5-43
MERGED from [com.google.android.gms:play-services-basement:11.6.0] AndroidManifest.xml:17:5-43
MERGED from [com.google.firebase:firebase-database-license:11.6.0] AndroidManifest.xml:4:5-43
MERGED from [com.google.firebase:firebase-database-license:11.6.0] AndroidManifest.xml:4:5-43
MERGED from [com.android.support:support-v4:25.2.0] AndroidManifest.xml:21:5-23:54
MERGED from [com.android.support:support-v4:25.2.0] AndroidManifest.xml:21:5-23:54
MERGED from [com.google.android.gms:play-services-basement-license:11.6.0] AndroidManifest.xml:4:5-43
MERGED from [com.google.android.gms:play-services-basement-license:11.6.0] AndroidManifest.xml:4:5-43
MERGED from [com.google.firebase:firebase-database-connection-license:11.6.0] AndroidManifest.xml:4:5-43
MERGED from [com.google.firebase:firebase-database-connection-license:11.6.0] AndroidManifest.xml:4:5-43
MERGED from [com.google.firebase:firebase-common-license:11.6.0] AndroidManifest.xml:4:5-43
MERGED from [com.google.firebase:firebase-common-license:11.6.0] AndroidManifest.xml:4:5-43
MERGED from [com.google.android.gms:play-services-tasks-license:11.6.0] AndroidManifest.xml:4:5-43
MERGED from [com.google.android.gms:play-services-tasks-license:11.6.0] AndroidManifest.xml:4:5-43
MERGED from [com.google.firebase:firebase-analytics-license:11.6.0] AndroidManifest.xml:4:5-43
MERGED from [com.google.firebase:firebase-analytics-license:11.6.0] AndroidManifest.xml:4:5-43
MERGED from [com.android.support:support-fragment:25.2.0] AndroidManifest.xml:21:5-23:60
MERGED from [com.android.support:support-fragment:25.2.0] AndroidManifest.xml:21:5-23:60
MERGED from [com.android.support:support-media-compat:25.2.0] AndroidManifest.xml:21:5-23:63
MERGED from [com.android.support:support-media-compat:25.2.0] AndroidManifest.xml:21:5-23:63
MERGED from [com.android.support:support-core-utils:25.2.0] AndroidManifest.xml:21:5-23:61
MERGED from [com.android.support:support-core-utils:25.2.0] AndroidManifest.xml:21:5-23:61
MERGED from [com.android.support:support-core-ui:25.2.0] AndroidManifest.xml:21:5-23:58
MERGED from [com.android.support:support-core-ui:25.2.0] AndroidManifest.xml:21:5-23:58
MERGED from [com.android.support:support-compat:25.2.0] AndroidManifest.xml:21:5-23:58
MERGED from [com.android.support:support-compat:25.2.0] AndroidManifest.xml:21:5-23:58
MERGED from [com.google.firebase:firebase-analytics-impl-license:11.6.0] AndroidManifest.xml:4:5-43
MERGED from [com.google.firebase:firebase-analytics-impl-license:11.6.0] AndroidManifest.xml:4:5-43
MERGED from [com.google.firebase:firebase-iid-license:11.6.0] AndroidManifest.xml:4:5-43
MERGED from [com.google.firebase:firebase-iid-license:11.6.0] AndroidManifest.xml:4:5-43
INJECTED from src\main\AndroidManifest.xml:6:5-42
INJECTED from src\main\AndroidManifest.xml:6:5-42
	tools:overrideLibrary
		ADDED from [com.android.support:support-v4:25.2.0] AndroidManifest.xml:23:9-51
	android:targetSdkVersion
		INJECTED from src\main\AndroidManifest.xml
		ADDED from src\main\AndroidManifest.xml:6:5-42
		INJECTED from src\main\AndroidManifest.xml
	android:minSdkVersion
		ADDED from src\main\AndroidManifest.xml:6:15-40
		INJECTED from src\main\AndroidManifest.xml
		INJECTED from src\main\AndroidManifest.xml
application
ADDED from src\main\AndroidManifest.xml:8:5-19:19
MERGED from [com.google.firebase:firebase-core:11.6.0] AndroidManifest.xml:5:5-20
MERGED from [com.google.firebase:firebase-core:11.6.0] AndroidManifest.xml:5:5-20
MERGED from [com.google.firebase:firebase-analytics:11.6.0] AndroidManifest.xml:24:5-34:19
MERGED from [com.google.firebase:firebase-analytics:11.6.0] AndroidManifest.xml:24:5-34:19
MERGED from [com.google.firebase:firebase-analytics-impl:11.6.0] AndroidManifest.xml:24:5-28:19
MERGED from [com.google.firebase:firebase-analytics-impl:11.6.0] AndroidManifest.xml:24:5-28:19
MERGED from [com.google.firebase:firebase-iid:11.6.0] AndroidManifest.xml:29:5-46:19
MERGED from [com.google.firebase:firebase-iid:11.6.0] AndroidManifest.xml:29:5-46:19
MERGED from [com.google.firebase:firebase-common:11.6.0] AndroidManifest.xml:4:5-7:19
MERGED from [com.google.firebase:firebase-common:11.6.0] AndroidManifest.xml:4:5-7:19
MERGED from [com.google.android.gms:play-services-tasks:11.6.0] AndroidManifest.xml:4:5-19
MERGED from [com.google.android.gms:play-services-tasks:11.6.0] AndroidManifest.xml:4:5-19
MERGED from [com.google.android.gms:play-services-basement:11.6.0] AndroidManifest.xml:19:5-21:19
MERGED from [com.google.android.gms:play-services-basement:11.6.0] AndroidManifest.xml:19:5-21:19
MERGED from [com.google.firebase:firebase-database-license:11.6.0] AndroidManifest.xml:5:5-20
MERGED from [com.google.firebase:firebase-database-license:11.6.0] AndroidManifest.xml:5:5-20
MERGED from [com.android.support:support-v4:25.2.0] AndroidManifest.xml:25:5-20
MERGED from [com.android.support:support-v4:25.2.0] AndroidManifest.xml:25:5-20
MERGED from [com.google.android.gms:play-services-basement-license:11.6.0] AndroidManifest.xml:5:5-20
MERGED from [com.google.android.gms:play-services-basement-license:11.6.0] AndroidManifest.xml:5:5-20
MERGED from [com.google.firebase:firebase-database-connection-license:11.6.0] AndroidManifest.xml:5:5-20
MERGED from [com.google.firebase:firebase-database-connection-license:11.6.0] AndroidManifest.xml:5:5-20
MERGED from [com.google.firebase:firebase-common-license:11.6.0] AndroidManifest.xml:5:5-20
MERGED from [com.google.firebase:firebase-common-license:11.6.0] AndroidManifest.xml:5:5-20
MERGED from [com.google.android.gms:play-services-tasks-license:11.6.0] AndroidManifest.xml:5:5-20
MERGED from [com.google.android.gms:play-services-tasks-license:11.6.0] AndroidManifest.xml:5:5-20
MERGED from [com.google.firebase:firebase-analytics-license:11.6.0] AndroidManifest.xml:5:5-20
MERGED from [com.google.firebase:firebase-analytics-license:11.6.0] AndroidManifest.xml:5:5-20
MERGED from [com.android.support:support-fragment:25.2.0] AndroidManifest.xml:25:5-20
MERGED from [com.android.support:support-fragment:25.2.0] AndroidManifest.xml:25:5-20
MERGED from [com.android.support:support-media-compat:25.2.0] AndroidManifest.xml:25:5-20
MERGED from [com.android.support:support-media-compat:25.2.0] AndroidManifest.xml:25:5-20
MERGED from [com.android.support:support-core-utils:25.2.0] AndroidManifest.xml:25:5-20
MERGED from [com.android.support:support-core-utils:25.2.0] AndroidManifest.xml:25:5-20
MERGED from [com.android.support:support-core-ui:25.2.0] AndroidManifest.xml:25:5-20
MERGED from [com.android.support:support-core-ui:25.2.0] AndroidManifest.xml:25:5-20
MERGED from [com.android.support:support-compat:25.2.0] AndroidManifest.xml:25:5-20
MERGED from [com.android.support:support-compat:25.2.0] AndroidManifest.xml:25:5-20
MERGED from [com.google.firebase:firebase-analytics-impl-license:11.6.0] AndroidManifest.xml:5:5-20
MERGED from [com.google.firebase:firebase-analytics-impl-license:11.6.0] AndroidManifest.xml:5:5-20
MERGED from [com.google.firebase:firebase-iid-license:11.6.0] AndroidManifest.xml:5:5-20
MERGED from [com.google.firebase:firebase-iid-license:11.6.0] AndroidManifest.xml:5:5-20
	android:label
		ADDED from src\main\AndroidManifest.xml:8:48-80
	android:icon
		ADDED from src\main\AndroidManifest.xml:8:18-47
activity#com.badlogic.androidgames.jumper.SuperJumper
ADDED from src\main\AndroidManifest.xml:9:9-17:20
	android:screenOrientation
		ADDED from src\main\AndroidManifest.xml:11:19-55
	android:label
		ADDED from src\main\AndroidManifest.xml:10:19-51
	android:configChanges
		ADDED from src\main\AndroidManifest.xml:12:19-78
	android:name
		ADDED from src\main\AndroidManifest.xml:9:19-46
intent-filter#android.intent.action.MAIN+android.intent.category.LAUNCHER
ADDED from src\main\AndroidManifest.xml:13:13-16:29
action#android.intent.action.MAIN
ADDED from src\main\AndroidManifest.xml:14:17-69
	android:name
		ADDED from src\main\AndroidManifest.xml:14:25-66
category#android.intent.category.LAUNCHER
ADDED from src\main\AndroidManifest.xml:15:17-77
	android:name
		ADDED from src\main\AndroidManifest.xml:15:27-74
uses-permission#android.permission.WAKE_LOCK
ADDED from src\main\AndroidManifest.xml:20:5-68
MERGED from [com.google.firebase:firebase-analytics:11.6.0] AndroidManifest.xml:22:5-67
MERGED from [com.google.firebase:firebase-analytics:11.6.0] AndroidManifest.xml:22:5-67
MERGED from [com.google.firebase:firebase-analytics-impl:11.6.0] AndroidManifest.xml:22:5-67
MERGED from [com.google.firebase:firebase-analytics-impl:11.6.0] AndroidManifest.xml:22:5-67
MERGED from [com.google.firebase:firebase-iid:11.6.0] AndroidManifest.xml:21:5-67
MERGED from [com.google.firebase:firebase-iid:11.6.0] AndroidManifest.xml:21:5-67
	android:name
		ADDED from src\main\AndroidManifest.xml:20:22-65
uses-permission#android.permission.WRITE_EXTERNAL_STORAGE
ADDED from src\main\AndroidManifest.xml:21:5-80
	android:name
		ADDED from src\main\AndroidManifest.xml:21:22-78
uses-permission#android.permission.ACCESS_WIFI_STATE
ADDED from src\main\AndroidManifest.xml:22:5-75
	android:name
		ADDED from src\main\AndroidManifest.xml:22:22-73
uses-permission#android.permission.INTERNET
ADDED from [com.google.firebase:firebase-analytics:11.6.0] AndroidManifest.xml:20:5-66
MERGED from [com.google.firebase:firebase-analytics-impl:11.6.0] AndroidManifest.xml:20:5-66
MERGED from [com.google.firebase:firebase-analytics-impl:11.6.0] AndroidManifest.xml:20:5-66
MERGED from [com.google.firebase:firebase-iid:11.6.0] AndroidManifest.xml:20:5-66
MERGED from [com.google.firebase:firebase-iid:11.6.0] AndroidManifest.xml:20:5-66
	android:name
		ADDED from [com.google.firebase:firebase-analytics:11.6.0] AndroidManifest.xml:20:22-64
uses-permission#android.permission.ACCESS_NETWORK_STATE
ADDED from [com.google.firebase:firebase-analytics:11.6.0] AndroidManifest.xml:21:5-78
MERGED from [com.google.firebase:firebase-analytics-impl:11.6.0] AndroidManifest.xml:21:5-78
MERGED from [com.google.firebase:firebase-analytics-impl:11.6.0] AndroidManifest.xml:21:5-78
MERGED from [com.google.firebase:firebase-iid:11.6.0] AndroidManifest.xml:19:5-78
MERGED from [com.google.firebase:firebase-iid:11.6.0] AndroidManifest.xml:19:5-78
	android:name
		ADDED from [com.google.firebase:firebase-analytics:11.6.0] AndroidManifest.xml:21:22-76
receiver#com.google.android.gms.measurement.AppMeasurementReceiver
ADDED from [com.google.firebase:firebase-analytics:11.6.0] AndroidManifest.xml:25:7-26:18
MERGED from [com.google.firebase:firebase-analytics-impl:11.6.0] AndroidManifest.xml:25:7-26:18
MERGED from [com.google.firebase:firebase-analytics-impl:11.6.0] AndroidManifest.xml:25:7-26:18
	android:enabled
		ADDED from [com.google.firebase:firebase-analytics:11.6.0] AndroidManifest.xml:25:90-112
	android:exported
		ADDED from [com.google.firebase:firebase-analytics:11.6.0] AndroidManifest.xml:25:113-137
	android:name
		ADDED from [com.google.firebase:firebase-analytics:11.6.0] AndroidManifest.xml:25:17-89
receiver#com.google.android.gms.measurement.AppMeasurementInstallReferrerReceiver
ADDED from [com.google.firebase:firebase-analytics:11.6.0] AndroidManifest.xml:27:7-31:18
	android:enabled
		ADDED from [com.google.firebase:firebase-analytics:11.6.0] AndroidManifest.xml:27:162-184
	android:exported
		ADDED from [com.google.firebase:firebase-analytics:11.6.0] AndroidManifest.xml:27:185-208
	android:permission
		ADDED from [com.google.firebase:firebase-analytics:11.6.0] AndroidManifest.xml:27:105-161
	android:name
		ADDED from [com.google.firebase:firebase-analytics:11.6.0] AndroidManifest.xml:27:17-104
intent-filter#com.android.vending.INSTALL_REFERRER
ADDED from [com.google.firebase:firebase-analytics:11.6.0] AndroidManifest.xml:28:11-30:27
action#com.android.vending.INSTALL_REFERRER
ADDED from [com.google.firebase:firebase-analytics:11.6.0] AndroidManifest.xml:29:15-76
	android:name
		ADDED from [com.google.firebase:firebase-analytics:11.6.0] AndroidManifest.xml:29:23-74
service#com.google.android.gms.measurement.AppMeasurementService
ADDED from [com.google.firebase:firebase-analytics:11.6.0] AndroidManifest.xml:32:7-137
MERGED from [com.google.firebase:firebase-analytics-impl:11.6.0] AndroidManifest.xml:27:7-137
MERGED from [com.google.firebase:firebase-analytics-impl:11.6.0] AndroidManifest.xml:27:7-137
	android:enabled
		ADDED from [com.google.firebase:firebase-analytics:11.6.0] AndroidManifest.xml:32:88-110
	android:exported
		ADDED from [com.google.firebase:firebase-analytics:11.6.0] AndroidManifest.xml:32:111-135
	android:name
		ADDED from [com.google.firebase:firebase-analytics:11.6.0] AndroidManifest.xml:32:16-87
service#com.google.android.gms.measurement.AppMeasurementJobService
ADDED from [com.google.firebase:firebase-analytics:11.6.0] AndroidManifest.xml:33:7-197
	android:enabled
		ADDED from [com.google.firebase:firebase-analytics:11.6.0] AndroidManifest.xml:33:148-170
	android:exported
		ADDED from [com.google.firebase:firebase-analytics:11.6.0] AndroidManifest.xml:33:171-195
	android:permission
		ADDED from [com.google.firebase:firebase-analytics:11.6.0] AndroidManifest.xml:33:91-147
	android:name
		ADDED from [com.google.firebase:firebase-analytics:11.6.0] AndroidManifest.xml:33:16-90
uses-permission#com.google.android.c2dm.permission.RECEIVE
ADDED from [com.google.firebase:firebase-iid:11.6.0] AndroidManifest.xml:23:5-81
	android:name
		ADDED from [com.google.firebase:firebase-iid:11.6.0] AndroidManifest.xml:23:22-79
permission#${applicationId}.permission.C2D_MESSAGE
ADDED from [com.google.firebase:firebase-iid:11.6.0] AndroidManifest.xml:25:5-109
	android:protectionLevel
		ADDED from [com.google.firebase:firebase-iid:11.6.0] AndroidManifest.xml:25:72-107
	android:name
		ADDED from [com.google.firebase:firebase-iid:11.6.0] AndroidManifest.xml:25:17-71
permission#com.badlogic.androidgames.jumper.permission.C2D_MESSAGE
ADDED from [com.google.firebase:firebase-iid:11.6.0] AndroidManifest.xml:25:5-109
	android:protectionLevel
		ADDED from [com.google.firebase:firebase-iid:11.6.0] AndroidManifest.xml:25:72-107
	android:name
		ADDED from [com.google.firebase:firebase-iid:11.6.0] AndroidManifest.xml:25:17-71
uses-permission#${applicationId}.permission.C2D_MESSAGE
ADDED from [com.google.firebase:firebase-iid:11.6.0] AndroidManifest.xml:27:5-78
	android:name
		ADDED from [com.google.firebase:firebase-iid:11.6.0] AndroidManifest.xml:27:22-76
uses-permission#com.badlogic.androidgames.jumper.permission.C2D_MESSAGE
ADDED from [com.google.firebase:firebase-iid:11.6.0] AndroidManifest.xml:27:5-78
	android:name
		ADDED from [com.google.firebase:firebase-iid:11.6.0] AndroidManifest.xml:27:22-76
receiver#com.google.firebase.iid.FirebaseInstanceIdReceiver
ADDED from [com.google.firebase:firebase-iid:11.6.0] AndroidManifest.xml:31:9-36:20
	android:exported
		ADDED from [com.google.firebase:firebase-iid:11.6.0] AndroidManifest.xml:31:85-108
	android:permission
		ADDED from [com.google.firebase:firebase-iid:11.6.0] AndroidManifest.xml:31:109-169
	android:name
		ADDED from [com.google.firebase:firebase-iid:11.6.0] AndroidManifest.xml:31:19-84
intent-filter#${applicationId}+com.google.android.c2dm.intent.RECEIVE
ADDED from [com.google.firebase:firebase-iid:11.6.0] AndroidManifest.xml:32:13-35:29
intent-filter#com.badlogic.androidgames.jumper+com.google.android.c2dm.intent.RECEIVE
ADDED from [com.google.firebase:firebase-iid:11.6.0] AndroidManifest.xml:32:13-35:29
action#com.google.android.c2dm.intent.RECEIVE
ADDED from [com.google.firebase:firebase-iid:11.6.0] AndroidManifest.xml:33:17-80
	android:name
		ADDED from [com.google.firebase:firebase-iid:11.6.0] AndroidManifest.xml:33:25-78
category#${applicationId}
ADDED from [com.google.firebase:firebase-iid:11.6.0] AndroidManifest.xml:34:17-60
	android:name
		ADDED from [com.google.firebase:firebase-iid:11.6.0] AndroidManifest.xml:34:27-58
category#com.badlogic.androidgames.jumper
ADDED from [com.google.firebase:firebase-iid:11.6.0] AndroidManifest.xml:34:17-60
	android:name
		ADDED from [com.google.firebase:firebase-iid:11.6.0] AndroidManifest.xml:34:27-58
service#com.google.firebase.iid.FirebaseInstanceIdService
ADDED from [com.google.firebase:firebase-iid:11.6.0] AndroidManifest.xml:40:9-44:19
	android:exported
		ADDED from [com.google.firebase:firebase-iid:11.6.0] AndroidManifest.xml:40:83-106
	android:name
		ADDED from [com.google.firebase:firebase-iid:11.6.0] AndroidManifest.xml:40:18-82
intent-filter#com.google.firebase.INSTANCE_ID_EVENT
ADDED from [com.google.firebase:firebase-iid:11.6.0] AndroidManifest.xml:41:13-43:29
	android:priority
		ADDED from [com.google.firebase:firebase-iid:11.6.0] AndroidManifest.xml:41:28-51
action#com.google.firebase.INSTANCE_ID_EVENT
ADDED from [com.google.firebase:firebase-iid:11.6.0] AndroidManifest.xml:42:17-79
	android:name
		ADDED from [com.google.firebase:firebase-iid:11.6.0] AndroidManifest.xml:42:25-77
provider#com.google.firebase.provider.FirebaseInitProvider
ADDED from [com.google.firebase:firebase-common:11.6.0] AndroidManifest.xml:6:9-194
	android:authorities
		ADDED from [com.google.firebase:firebase-common:11.6.0] AndroidManifest.xml:6:19-78
	android:exported
		ADDED from [com.google.firebase:firebase-common:11.6.0] AndroidManifest.xml:6:144-168
	android:initOrder
		ADDED from [com.google.firebase:firebase-common:11.6.0] AndroidManifest.xml:6:169-192
	android:name
		ADDED from [com.google.firebase:firebase-common:11.6.0] AndroidManifest.xml:6:79-143
meta-data#com.google.android.gms.version
ADDED from [com.google.android.gms:play-services-basement:11.6.0] AndroidManifest.xml:20:9-121
	android:value
		ADDED from [com.google.android.gms:play-services-basement:11.6.0] AndroidManifest.xml:20:66-119
	android:name
		ADDED from [com.google.android.gms:play-services-basement:11.6.0] AndroidManifest.xml:20:20-65